INFO - 2025-09-11 17:07:55 - summary="SET search_path = \"public\"" db.statement="" rows_affected=0 rows_returned=0 elapsed=28.8085ms elapsed_secs=0.0288085
INFO - 2025-09-11 17:07:55 - summary="SET search_path = \"public\"" db.statement="" rows_affected=0 rows_returned=0 elapsed=18.0506ms elapsed_secs=0.0180506
INFO - 2025-09-11 17:07:55 - summary="SET search_path = \"public\"" db.statement="" rows_affected=0 rows_returned=0 elapsed=17.8267ms elapsed_secs=0.0178267
INFO - 2025-09-11 17:07:55 - summary="SET search_path = \"public\"" db.statement="" rows_affected=0 rows_returned=0 elapsed=18.5419ms elapsed_secs=0.0185419
INFO - 2025-09-11 17:07:55 - summary="SET search_path = \"public\"" db.statement="" rows_affected=0 rows_returned=0 elapsed=17.907ms elapsed_secs=0.017907
INFO - 2025-09-11 17:07:55 - starting 16 workers
INFO - 2025-09-11 17:07:55 - Actix runtime found; starting in Actix runtime
INFO - 2025-09-11 17:07:55 - starting service: "actix-web-service-0.0.0.0:2345", workers: 16, listening on: 0.0.0.0:2345
INFO - 2025-09-11 17:08:11 - summary="SET search_path = \"public\"" db.statement="" rows_affected=0 rows_returned=0 elapsed=16.401ms elapsed_secs=0.016401
INFO - 2025-09-11 17:08:11 - summary="SET search_path = \"public\"" db.statement="" rows_affected=0 rows_returned=0 elapsed=18.1279ms elapsed_secs=0.0181279
INFO - 2025-09-11 17:08:11 - summary="SET search_path = \"public\"" db.statement="" rows_affected=0 rows_returned=0 elapsed=18.5111ms elapsed_secs=0.0185111
INFO - 2025-09-11 17:08:11 - summary="SET search_path = \"public\"" db.statement="" rows_affected=0 rows_returned=0 elapsed=16.7958ms elapsed_secs=0.0167958
INFO - 2025-09-11 17:08:11 - summary="SET search_path = \"public\"" db.statement="" rows_affected=0 rows_returned=0 elapsed=17.5203ms elapsed_secs=0.0175203
INFO - 2025-09-11 17:08:14 - SIGINT received; starting forced shutdown
INFO - 2025-09-11 17:08:14 - accept thread stopped
INFO - 2025-09-11 17:08:14 - shutting down idle worker
INFO - 2025-09-11 17:18:11 - summary="SET search_path = \"public\"" db.statement="" rows_affected=0 rows_returned=0 elapsed=13.8986ms elapsed_secs=0.0138986
INFO - 2025-09-11 17:18:11 - summary="SET search_path = \"public\"" db.statement="" rows_affected=0 rows_returned=0 elapsed=14.5399ms elapsed_secs=0.0145399
INFO - 2025-09-11 17:18:11 - summary="SET search_path = \"public\"" db.statement="" rows_affected=0 rows_returned=0 elapsed=16.7802ms elapsed_secs=0.0167802
INFO - 2025-09-11 17:18:11 - summary="SET search_path = \"public\"" db.statement="" rows_affected=0 rows_returned=0 elapsed=16.9635ms elapsed_secs=0.0169635
INFO - 2025-09-11 17:18:11 - summary="SET search_path = \"public\"" db.statement="" rows_affected=0 rows_returned=0 elapsed=14.7736ms elapsed_secs=0.0147736
INFO - 2025-09-11 17:18:11 - starting 16 workers
INFO - 2025-09-11 17:18:11 - Actix runtime found; starting in Actix runtime
INFO - 2025-09-11 17:18:11 - starting service: "actix-web-service-0.0.0.0:2345", workers: 16, listening on: 0.0.0.0:2345
INFO - 2025-09-11 17:18:19 - SIGINT received; starting forced shutdown
INFO - 2025-09-11 17:18:19 - accept thread stopped
INFO - 2025-09-11 17:18:19 - shutting down idle worker
INFO - 2025-09-11 17:18:19 - shutting down idle worker
